<?xml version="1.0" encoding="UTF-8"?>
<testsuite name="com.example.project.TestBook" tests="3" skipped="0" failures="0" errors="0" timestamp="2025-01-27T18:44:37" hostname="codespaces-7bd4bb" time="0.449">
  <properties/>
  <testcase name="testBookInfo()" classname="com.example.project.TestBook" time="0.402"/>
  <testcase name="testBookConstructor()" classname="com.example.project.TestBook" time="0.008"/>
  <testcase name="testSetters()" classname="com.example.project.TestBook" time="0.002"/>
  <system-out><![CDATA[]]></system-out>
  <system-err><![CDATA[]]></system-err>
</testsuite>
